SF:lib\api_request\endpoints\product\product_endpoint.dart
DA:5,1
DA:7,1
DA:8,2
LF:3
LH:3
end_of_record
SF:lib\api_request\repository\product\product_repository.dart
DA:7,1
DA:11,1
DA:12,2
DA:13,2
LF:4
LH:4
end_of_record
SF:lib\api_request\response\products\get_all_products_response.dart
DA:10,1
DA:14,1
DA:15,1
DA:16,0
LF:4
LH:3
end_of_record
SF:lib\api_request\response\products\get_all_products_response.g.dart
DA:9,1
DA:10,1
DA:11,1
DA:12,3
DA:13,1
DA:16,0
DA:18,0
DA:19,0
LF:8
LH:5
end_of_record
SF:lib\api_request\response\products\product_response.dart
DA:18,1
DA:32,1
DA:33,1
DA:34,0
LF:4
LH:3
end_of_record
SF:lib\api_request\response\products\product_response.g.dart
DA:7,1
DA:8,1
DA:9,1
DA:10,1
DA:11,1
DA:12,2
DA:13,2
DA:14,2
DA:15,1
DA:16,1
DA:17,1
DA:18,1
DA:19,4
DA:22,0
DA:23,0
DA:24,0
DA:25,0
DA:26,0
DA:27,0
DA:28,0
DA:29,0
DA:30,0
DA:31,0
DA:32,0
DA:33,0
DA:34,0
LF:26
LH:13
end_of_record
