SF:lib\api_request\endpoints\product\product_endpoint.dart
DA:5,3
DA:7,3
DA:8,6
LF:3
LH:3
end_of_record
SF:lib\api_request\repository\product\product_repository.dart
DA:7,3
DA:11,3
DA:12,6
DA:13,4
LF:4
LH:4
end_of_record
SF:lib\api_request\response\products\get_all_products_response.dart
DA:10,3
DA:14,2
DA:15,2
DA:16,2
LF:4
LH:4
end_of_record
SF:lib\api_request\response\products\get_all_products_response.g.dart
DA:9,2
DA:10,2
DA:11,2
DA:12,6
DA:13,2
DA:16,1
DA:18,1
DA:19,1
LF:8
LH:8
end_of_record
SF:lib\api_request\response\products\product_response.dart
DA:18,3
DA:32,2
DA:33,2
DA:34,2
LF:4
LH:4
end_of_record
SF:lib\api_request\response\products\product_response.g.dart
DA:7,2
DA:8,2
DA:9,2
DA:10,2
DA:11,2
DA:12,4
DA:13,4
DA:14,4
DA:15,2
DA:16,2
DA:17,2
DA:18,2
DA:19,8
DA:22,1
DA:23,1
DA:24,1
DA:25,1
DA:26,1
DA:27,1
DA:28,1
DA:29,1
DA:30,1
DA:31,1
DA:32,1
DA:33,1
DA:34,1
LF:26
LH:26
end_of_record
SF:lib\api_request\usecase\get_all_products_usecase.dart
DA:7,2
DA:11,2
DA:12,4
DA:13,1
LF:4
LH:4
end_of_record
SF:lib\api_request\mapper\product_mapper.dart
DA:6,1
DA:7,1
DA:8,3
DA:9,1
DA:10,1
DA:11,1
DA:12,1
DA:13,1
DA:14,1
DA:15,1
DA:16,1
DA:17,1
DA:18,1
DA:19,1
DA:21,1
LF:15
LH:15
end_of_record
SF:lib\api_request\models\product_viewdata.dart
DA:14,5
LF:1
LH:1
end_of_record
SF:lib\api_request\usecase\products_usecase_provider.dart
DA:6,3
DA:7,1
DA:8,1
DA:9,2
DA:13,6
DA:14,1
DA:15,3
LF:7
LH:7
end_of_record
SF:lib\cagory_page\providers.dart
DA:4,6
LF:1
LH:1
end_of_record
SF:lib\cagory_page\category_page.dart
DA:8,5
DA:9,1
DA:11,2
DA:12,1
DA:13,1
DA:16,1
DA:17,2
DA:22,1
DA:23,1
DA:24,1
DA:25,1
LF:11
LH:11
end_of_record
SF:lib\home\widgets\list_view_products.dart
DA:6,2
DA:9,2
DA:13,2
DA:15,2
DA:16,4
DA:17,2
DA:18,6
DA:19,2
DA:21,2
DA:22,2
DA:24,2
DA:25,6
DA:32,2
DA:34,2
DA:36,8
DA:37,2
DA:38,2
DA:40,4
DA:45,2
DA:47,2
DA:49,2
DA:50,2
DA:51,1
DA:52,1
DA:53,2
LF:25
LH:25
end_of_record
SF:lib\api_request\endpoints\product\product_endpoint_provider.dart
DA:5,3
DA:6,1
DA:7,1
DA:8,1
DA:10,1
LF:5
LH:5
end_of_record
SF:lib\api_request\repository\product\product_repository_provider.dart
DA:5,3
DA:6,1
DA:7,1
DA:8,2
LF:4
LH:4
end_of_record
SF:lib\cart_page\cart_controller.dart
DA:4,1
DA:5,2
DA:8,1
DA:9,2
DA:12,2
DA:14,3
DA:15,4
LF:7
LH:7
end_of_record
SF:lib\cart_page\cart_page.dart
DA:13,5
DA:15,2
DA:16,2
DA:20,2
DA:22,4
DA:23,10
DA:24,8
DA:26,2
DA:29,2
DA:31,6
DA:33,2
DA:34,2
DA:43,2
DA:44,2
DA:45,2
DA:46,2
LF:16
LH:16
end_of_record
SF:lib\cart_page\providers.dart
DA:3,8
LF:1
LH:1
end_of_record
SF:lib\cart_page\widgets\list_view_cart_products.dart
DA:7,2
DA:10,2
DA:14,2
DA:16,2
DA:18,1
DA:19,4
DA:20,1
DA:21,2
DA:22,1
DA:24,1
DA:25,1
DA:26,1
DA:28,1
DA:29,2
DA:30,2
DA:34,1
DA:35,1
DA:36,1
DA:38,2
DA:45,1
DA:47,1
LF:21
LH:21
end_of_record
SF:lib\cart_page\widgets\row_total.dart
DA:8,4
DA:10,2
DA:12,2
DA:14,2
DA:16,8
LF:5
LH:5
end_of_record
SF:lib\cart_page\widgets\to_buy_inkwell.dart
DA:4,4
DA:6,2
DA:8,2
DA:9,2
DA:11,1
LF:5
LH:5
end_of_record
SF:lib\details_page\providers.dart
DA:4,15
DA:6,12
LF:2
LH:2
end_of_record
SF:lib\cart_page\widgets\add_or_remove_container.dart
DA:12,1
DA:16,1
DA:18,1
DA:20,1
DA:24,1
DA:26,1
DA:30,1
DA:31,1
DA:32,1
DA:34,1
DA:36,1
DA:37,1
DA:38,1
DA:39,3
DA:40,6
DA:41,5
DA:42,3
DA:43,2
DA:46,1
DA:48,5
DA:50,1
DA:51,1
DA:52,3
DA:53,6
DA:54,5
DA:55,3
DA:56,2
LF:27
LH:27
end_of_record
SF:lib\details_page\details_page.dart
DA:14,2
DA:17,2
DA:19,2
DA:20,2
DA:24,2
DA:26,2
DA:28,2
DA:29,2
DA:31,2
DA:32,2
DA:33,6
DA:35,2
DA:37,2
DA:38,2
DA:39,2
DA:40,2
DA:41,6
DA:45,2
DA:47,2
DA:48,8
DA:49,8
DA:53,2
DA:55,8
DA:57,2
DA:58,2
DA:59,2
DA:62,10
DA:65,2
DA:66,2
DA:69,2
DA:70,10
DA:74,2
DA:76,10
DA:78,2
DA:80,2
DA:81,2
DA:82,8
DA:83,6
DA:87,2
DA:88,4
DA:100,2
DA:102,4
DA:103,2
DA:106,3
DA:107,3
DA:108,3
LF:46
LH:46
end_of_record
SF:lib\details_page\widgets\app_bar_details.dart
DA:7,4
DA:9,2
DA:12,2
DA:14,2
DA:18,2
DA:20,2
DA:25,2
DA:26,2
DA:27,2
DA:28,1
DA:29,2
DA:32,2
DA:34,2
DA:37,2
DA:38,6
LF:15
LH:15
end_of_record
SF:lib\details_page\widgets\carousel_slider_details.dart
DA:6,2
DA:9,2
DA:11,2
DA:13,2
DA:14,4
DA:15,2
DA:16,2
DA:17,4
DA:21,2
LF:9
LH:9
end_of_record
SF:lib\details_page\widgets\rating_stars.dart
DA:5,2
DA:8,2
DA:10,2
DA:12,2
DA:13,2
DA:14,2
DA:15,2
DA:16,2
DA:19,2
DA:22,2
DA:23,2
DA:25,2
DA:30,2
DA:31,6
DA:36,2
DA:37,2
DA:40,2
DA:42,4
DA:43,1
DA:52,2
DA:53,2
DA:56,2
DA:58,4
DA:59,1
DA:73,2
DA:74,6
DA:75,2
LF:27
LH:27
end_of_record
SF:lib\details_page\widgets\shopping_cart_inkwell.dart
DA:8,2
DA:13,2
DA:15,2
DA:19,2
DA:21,6
DA:22,2
DA:24,0
DA:25,0
DA:26,0
DA:28,0
DA:30,2
DA:34,2
DA:52,0
DA:54,0
DA:55,0
DA:57,0
LF:16
LH:8
end_of_record
SF:lib\generate_routes.dart
DA:10,2
DA:11,4
DA:12,0
DA:13,0
DA:17,4
DA:18,1
DA:19,1
DA:20,1
DA:21,1
DA:26,2
DA:27,1
DA:28,1
DA:32,0
DA:33,0
DA:34,0
LF:15
LH:10
end_of_record
SF:lib\home\home_page.dart
DA:12,5
DA:14,1
DA:16,2
DA:17,1
DA:19,1
DA:20,1
DA:21,1
DA:22,1
DA:23,1
DA:25,1
DA:26,1
DA:28,1
DA:29,2
DA:34,1
DA:37,1
DA:45,1
DA:46,1
DA:48,2
DA:49,2
DA:50,2
DA:56,1
DA:59,1
DA:62,1
DA:65,1
DA:68,1
DA:71,1
DA:74,1
DA:80,3
LF:28
LH:28
end_of_record
SF:lib\home\widgets\list_view_icons.dart
DA:9,1
DA:12,1
DA:16,1
DA:17,1
DA:21,1
DA:23,1
DA:25,1
DA:28,4
DA:29,1
DA:30,1
DA:32,1
DA:33,1
DA:34,1
DA:35,0
DA:36,0
DA:37,0
DA:38,0
DA:39,0
DA:40,0
DA:42,1
DA:45,1
DA:46,1
DA:47,1
DA:49,5
DA:53,5
DA:63,0
DA:65,0
DA:66,0
DA:67,0
DA:68,0
LF:30
LH:19
end_of_record
SF:lib\home\widgets\row_text_form_field_and_icons.dart
DA:4,4
DA:8,1
DA:10,1
DA:12,1
DA:13,1
DA:14,1
DA:15,1
LF:7
LH:7
end_of_record
SF:lib\home\widgets\slider_photos.dart
DA:6,2
DA:9,1
DA:11,1
DA:12,1
DA:17,1
DA:19,1
DA:21,1
DA:22,0
DA:23,0
DA:24,0
DA:26,3
DA:27,1
DA:28,2
DA:29,1
DA:31,5
DA:33,1
DA:36,1
DA:37,1
DA:38,1
DA:39,2
DA:40,2
DA:44,1
DA:45,2
DA:46,2
DA:50,1
DA:51,2
DA:52,2
DA:56,1
DA:57,2
DA:58,2
DA:62,1
DA:63,2
DA:64,2
DA:69,1
DA:70,1
DA:71,1
DA:72,1
DA:73,2
DA:74,1
DA:86,1
DA:87,1
LF:41
LH:38
end_of_record
